빌드 시작: 2019-07-01 오후 11:42:57
     1>2 노드의 "D:\공부\github\LHIBackjoon\BOJ_3047\BOJ_3047\BOJ_3047.vcxproj" 프로젝트(build 대상)입니다.
     1>PrepareForBuild:
         "D:\공부\github\LHIBackjoon\BOJ_3047\Debug\" 디렉터리를 만들고 있습니다.
       InitializeBuildStatus:
         "AlwaysCreate"이(가) 지정되었기 때문에 "Debug\BOJ_3047.unsuccessfulbuild"을(를) 만들고 있습니다.
       ClCompile:
         C:\Program Files (x86)\Microsoft Visual Studio 10.0\VC\bin\CL.exe /c /ZI /nologo /W3 /WX- /Od /Oy- /D WIN32 /D _DEBUG /D _CONSOLE /D _UNICODE /D UNICODE /Gm /EHsc /RTC1 /MDd /GS /fp:precise /Zc:wchar_t /Zc:forScope /Fo"Debug\\" /Fd"Debug\vc100.pdb" /Gd /TP /analyze- /errorReport:prompt BOJ_3047.cpp
         BOJ_3047.cpp
       ManifestResourceCompile:
         C:\Program Files (x86)\Microsoft SDKs\Windows\v7.0A\bin\rc.exe /nologo /fo"Debug\BOJ_3047.exe.embed.manifest.res" Debug\BOJ_3047_manifest.rc 
       Link:
         C:\Program Files (x86)\Microsoft Visual Studio 10.0\VC\bin\link.exe /ERRORREPORT:PROMPT /OUT:"D:\공부\github\LHIBackjoon\BOJ_3047\Debug\BOJ_3047.exe" /INCREMENTAL /NOLOGO kernel32.lib user32.lib gdi32.lib winspool.lib comdlg32.lib advapi32.lib shell32.lib ole32.lib oleaut32.lib uuid.lib odbc32.lib odbccp32.lib /MANIFEST /ManifestFile:"Debug\BOJ_3047.exe.intermediate.manifest" /MANIFESTUAC:"level='asInvoker' uiAccess='false'" /DEBUG /PDB:"D:\공부\github\LHIBackjoon\BOJ_3047\Debug\BOJ_3047.pdb" /SUBSYSTEM:CONSOLE /TLBID:1 /DYNAMICBASE /NXCOMPAT /IMPLIB:"D:\공부\github\LHIBackjoon\BOJ_3047\Debug\BOJ_3047.lib" /MACHINE:X86 Debug\BOJ_3047.exe.embed.manifest.res
         Debug\BOJ_3047.obj
       Manifest:
         C:\Program Files (x86)\Microsoft SDKs\Windows\v7.0A\bin\mt.exe /nologo /verbose /out:"Debug\BOJ_3047.exe.embed.manifest" /manifest Debug\BOJ_3047.exe.intermediate.manifest
         C:\Program Files (x86)\Microsoft SDKs\Windows\v7.0A\bin\rc.exe /nologo /fo"Debug\BOJ_3047.exe.embed.manifest.res" Debug\BOJ_3047_manifest.rc 
       LinkEmbedManifest:
         C:\Program Files (x86)\Microsoft Visual Studio 10.0\VC\bin\link.exe /ERRORREPORT:PROMPT /OUT:"D:\공부\github\LHIBackjoon\BOJ_3047\Debug\BOJ_3047.exe" /INCREMENTAL /NOLOGO kernel32.lib user32.lib gdi32.lib winspool.lib comdlg32.lib advapi32.lib shell32.lib ole32.lib oleaut32.lib uuid.lib odbc32.lib odbccp32.lib /MANIFEST /ManifestFile:"Debug\BOJ_3047.exe.intermediate.manifest" /MANIFESTUAC:"level='asInvoker' uiAccess='false'" /DEBUG /PDB:"D:\공부\github\LHIBackjoon\BOJ_3047\Debug\BOJ_3047.pdb" /SUBSYSTEM:CONSOLE /TLBID:1 /DYNAMICBASE /NXCOMPAT /IMPLIB:"D:\공부\github\LHIBackjoon\BOJ_3047\Debug\BOJ_3047.lib" /MACHINE:X86 Debug\BOJ_3047.exe.embed.manifest.res
         Debug\BOJ_3047.obj
         BOJ_3047.vcxproj -> D:\공부\github\LHIBackjoon\BOJ_3047\Debug\BOJ_3047.exe
       FinalizeBuildStatus:
         "Debug\BOJ_3047.unsuccessfulbuild" 파일을 삭제하고 있습니다.
         "Debug\BOJ_3047.lastbuildstate"에 연결(touching)하고 있습니다.
     1>"D:\공부\github\LHIBackjoon\BOJ_3047\BOJ_3047\BOJ_3047.vcxproj" 프로젝트를 빌드했습니다(build 대상).

빌드했습니다.

경과 시간: 00:00:02.78
